<?xml version="1.0" encoding="UTF-8"?>
<!-- Generated by org.testng.reporters.JUnitReportReporter -->
<testsuite hostname="LAPTOP-V2H6MTKJ" failures="0" tests="1" name="Organization.CreateContactFromOrgNew" time="58.594" errors="0" timestamp="2022-03-15T16:04:51 IST" skipped="0">
  <testcase classname="Organization.CreateContactFromOrgNew" name="createContactFromOrg" time="58.594"/>
  <system-out/>
</testsuite> <!-- Organization.CreateContactFromOrgNew -->
