<?xml version="1.0" encoding="UTF-8"?>
<!-- Generated by org.testng.reporters.JUnitReportReporter -->
<testsuite hostname="LAPTOP-V2H6MTKJ" failures="0" tests="1" name="com.crm.autodeskselenium.PurchaseOrder.CreatePurchaseOrderWithVendorTest" time="43.006" errors="0" timestamp="2022-03-20T01:06:40 IST" skipped="0">
  <testcase classname="com.crm.autodeskselenium.PurchaseOrder.CreatePurchaseOrderWithVendorTest" name="purchaseOrder" time="43.006"/>
  <system-out/>
</testsuite> <!-- com.crm.autodeskselenium.PurchaseOrder.CreatePurchaseOrderWithVendorTest -->
