<?xml version="1.0" encoding="UTF-8"?>
<!-- Generated by org.testng.reporters.JUnitReportReporter -->
<testsuite hostname="LAPTOP-V2H6MTKJ" failures="0" tests="1" name="com.crm.autodesk.POMpages.Scenarios_7_Mar.CreateContactChooseOrgTest" time="36.301" errors="0" timestamp="2022-03-24T10:17:13 IST" skipped="0">
  <testcase classname="com.crm.autodesk.POMpages.Scenarios_7_Mar.CreateContactChooseOrgTest" name="createContactChooseOrg" time="36.301"/>
  <system-out>
    <![CDATA[createContactChooseOrg---------->start
createContactChooseOrg------------>Success]]>
  </system-out>
</testsuite> <!-- com.crm.autodesk.POMpages.Scenarios_7_Mar.CreateContactChooseOrgTest -->
