<?xml version="1.0" encoding="UTF-8"?>
<!-- Generated by org.testng.reporters.JUnitReportReporter -->
<testsuite hostname="LAPTOP-V2H6MTKJ" failures="0" tests="1" name="practice.lastRowCheckboxTest" time="14.682" errors="0" timestamp="2022-03-11T14:40:51 IST" skipped="0">
  <testcase classname="practice.lastRowCheckboxTest" name="lastRowCheckBox" time="14.682"/>
  <system-out/>
</testsuite> <!-- practice.lastRowCheckboxTest -->
