<?xml version="1.0" encoding="UTF-8"?>
<!-- Generated by org.testng.reporters.JUnitReportReporter -->
<testsuite hostname="LAPTOP-V2H6MTKJ" failures="0" tests="2" name="practice.DataProviderTest" time="0.006" errors="0" timestamp="2022-03-14T11:56:33 IST" skipped="0">
  <testcase classname="practice.DataProviderTest" name="MultipleDataPrint" time="0.005"/>
  <system-out/>
  <testcase classname="practice.DataProviderTest" name="MultipleDataPrint" time="0.001"/>
  <system-out/>
</testsuite> <!-- practice.DataProviderTest -->
