<?xml version="1.0" encoding="UTF-8"?>
<!-- Generated by org.testng.reporters.JUnitReportReporter -->
<testsuite hostname="LAPTOP-V2H6MTKJ" failures="0" tests="1" name="com.crm.autodeskselenium.Contact.TC_13Test" time="13.725" errors="0" timestamp="2022-03-20T01:06:40 IST" skipped="0">
  <testcase classname="com.crm.autodeskselenium.Contact.TC_13Test" name="contactDelete" time="13.725"/>
  <system-out/>
</testsuite> <!-- com.crm.autodeskselenium.Contact.TC_13Test -->
