<?xml version="1.0" encoding="UTF-8"?>
<!-- Generated by org.testng.reporters.JUnitReportReporter -->
<testsuite hostname="LAPTOP-V2H6MTKJ" failures="0" tests="1" name="practice.CreateOrgAndDeleteOrgTest" time="80.967" errors="0" timestamp="2022-03-16T17:18:47 IST" skipped="0">
  <testcase classname="practice.CreateOrgAndDeleteOrgTest" name="createOrgDeleteOrg" time="80.967"/>
  <system-out/>
</testsuite> <!-- practice.CreateOrgAndDeleteOrgTest -->
