<?xml version="1.0" encoding="UTF-8"?>
<!-- Generated by org.testng.reporters.JUnitReportReporter -->
<testsuite hostname="LAPTOP-V2H6MTKJ" failures="0" tests="1" name="Organization.CreateOrg" time="36.498" errors="0" timestamp="2022-03-15T16:13:05 IST" skipped="0">
  <testcase classname="Organization.CreateOrg" name="createOrg" time="36.498"/>
  <system-out/>
</testsuite> <!-- Organization.CreateOrg -->
