<?xml version="1.0" encoding="UTF-8"?>
<!-- Generated by org.testng.reporters.JUnitReportReporter -->
<testsuite hostname="LAPTOP-V2H6MTKJ" failures="0" tests="4" name="practice.IncludeTest" time="0.012" errors="0" timestamp="2022-03-15T18:00:14 IST" skipped="0">
  <testcase classname="practice.IncludeTest" name="bagBrand" time="0.009"/>
  <system-out/>
  <testcase classname="practice.IncludeTest" name="company" time="0.001"/>
  <system-out/>
  <testcase classname="practice.IncludeTest" name="favColor" time="0.001"/>
  <system-out/>
  <testcase classname="practice.IncludeTest" name="fruits" time="0.001"/>
  <system-out/>
</testsuite> <!-- practice.IncludeTest -->
