<?xml version="1.0" encoding="UTF-8"?>
<!-- Generated by org.testng.reporters.JUnitReportReporter -->
<testsuite hostname="LAPTOP-V2H6MTKJ" failures="0" tests="4" name="practice.ExcludeTestNG" time="0.004" errors="0" timestamp="2022-03-15T18:00:14 IST" skipped="0">
  <testcase classname="practice.ExcludeTestNG" name="company" time="0.001"/>
  <system-out/>
  <testcase classname="practice.ExcludeTestNG" name="fruits" time="0.000"/>
  <system-out/>
  <testcase classname="practice.ExcludeTestNG" name="favColor" time="0.001"/>
  <system-out/>
  <testcase classname="practice.ExcludeTestNG" name="bagBrand" time="0.002"/>
  <system-out/>
</testsuite> <!-- practice.ExcludeTestNG -->
