<?xml version="1.0" encoding="UTF-8"?>
<!-- Generated by org.testng.reporters.JUnitReportReporter -->
<testsuite hostname="LAPTOP-V2H6MTKJ" failures="0" tests="1" name="practice.checkBoxMultipleTest" time="11.197" errors="0" timestamp="2022-03-16T17:13:21 IST" skipped="0">
  <testcase classname="practice.checkBoxMultipleTest" name="checkBoxMultiple" time="11.197"/>
  <system-out/>
</testsuite> <!-- practice.checkBoxMultipleTest -->
