<?xml version="1.0" encoding="UTF-8"?>
<!-- Generated by org.testng.reporters.JUnitReportReporter -->
<testsuite hostname="LAPTOP-V2H6MTKJ" failures="0" tests="1" name="com.crm.autodesk.POMpages.Scenarios_7_Mar.CreateProductTest" time="18.318" errors="0" timestamp="2022-03-24T10:12:19 IST" skipped="0">
  <testcase classname="com.crm.autodesk.POMpages.Scenarios_7_Mar.CreateProductTest" name="createProduct" time="18.318"/>
  <system-out>
    <![CDATA[createProduct---------->start
createProduct------------>Success]]>
  </system-out>
</testsuite> <!-- com.crm.autodesk.POMpages.Scenarios_7_Mar.CreateProductTest -->
