<?xml version="1.0" encoding="UTF-8"?>
<!-- Generated by org.testng.reporters.JUnitReportReporter -->
<testsuite hostname="LAPTOP-V2H6MTKJ" failures="0" tests="1" name="com.crm.autodesk.POMpages.Scenarios_7_Mar.DeleteOrgTest" time="14.953" errors="0" timestamp="2022-03-15T16:04:51 IST" skipped="0">
  <testcase classname="com.crm.autodesk.POMpages.Scenarios_7_Mar.DeleteOrgTest" name="deleteOrg" time="14.953"/>
  <system-out/>
</testsuite> <!-- com.crm.autodesk.POMpages.Scenarios_7_Mar.DeleteOrgTest -->
