<?xml version="1.0" encoding="UTF-8"?>
<!-- Generated by org.testng.reporters.JUnitReportReporter -->
<testsuite hostname="LAPTOP-V2H6MTKJ" failures="0" tests="1" name="com.crm.autodesk.POMpages.Scenarios_7_Mar.CreateCampaignChooseProductTest" time="24.635" errors="0" timestamp="2022-03-24T10:19:26 IST" skipped="0">
  <testcase classname="com.crm.autodesk.POMpages.Scenarios_7_Mar.CreateCampaignChooseProductTest" name="createCampaignChooseProduct" time="24.635"/>
  <system-out>
    <![CDATA[createCampaignChooseProduct---------->start
createCampaignChooseProduct------------>Success]]>
  </system-out>
</testsuite> <!-- com.crm.autodesk.POMpages.Scenarios_7_Mar.CreateCampaignChooseProductTest -->
