<?xml version="1.0" encoding="UTF-8"?>
<!-- Generated by org.testng.reporters.JUnitReportReporter -->
<testsuite hostname="LAPTOP-V2H6MTKJ" failures="0" tests="1" name="com.crm.autodeskselenium.PurchaseOrder.TC_1Test" time="37.652" errors="0" timestamp="2022-03-20T00:59:08 IST" skipped="0">
  <testcase classname="com.crm.autodeskselenium.PurchaseOrder.TC_1Test" name="purchaseOrder" time="37.652"/>
  <system-out/>
</testsuite> <!-- com.crm.autodeskselenium.PurchaseOrder.TC_1Test -->
